
-------[New command use] -------
The command was launched !:
Command name   : test
Command used   : <@877154902244216852>
Command used   : fockusty
Command used   : FOCKUSTY
Command guild  : Bottomless Hat
Command guild  : Bottomless Hat
Command time   : <t:1698330304>
Command time   : <t:1698330304:R>
Test           : 
-------[New command use] -------

-------[New command use] -------
The command was launched !:
Command name   : test
Command used   : <@877154902244216852>
Command used   : fockusty
Command used   : FOCKUSTY
Command guild  : Bottomless Hat
Command guild  : Bottomless Hat
Command time   : <t:1698330306>
Command time   : <t:1698330306:R>
Test           : 
-------[New command use] -------

-------[New command use] -------
The command was launched !:
Command name   : test
Command used   : <@877154902244216852>
Command used   : fockusty
Command used   : FOCKUSTY
Command guild  : Bottomless Hat
Command guild  : Bottomless Hat
Command time   : <t:1698330317>
Command time   : <t:1698330317:R>
Test           : 
-------[New command use] -------

-------[New command use] -------
The command was launched !:
Command name   : test
Command used   : <@877154902244216852>
Command used   : fockusty
Command used   : FOCKUSTY
Command guild  : Bottomless Hat
Command guild  : Bottomless Hat
Command time   : <t:1698330417>
Command time   : <t:1698330417:R>
Test           : 
-------[New command use] -------

-------[New command use] -------
The command was launched !:
Command name   : test
Command used   : <@877154902244216852>
Command used   : fockusty
Command used   : FOCKUSTY
Command guild  : Bottomless Hat
Command guild  : Bottomless Hat
Command time   : <t:1698330537>
Command time   : <t:1698330537:R>
Test           : 
-------[New command use] -------

-------[New command use] -------
The command was launched !:
Command name   : test
Command used   : <@877154902244216852>
Command used   : fockusty
Command used   : FOCKUSTY
Command guild  : Bottomless Hat
Command guild  : Bottomless Hat
Command time   : <t:1698330745>
Command time   : <t:1698330745:R>
Test           : 
-------[New command use] -------

-------[New command use] -------
The command was launched !:
Command name   : test
Command used   : <@877154902244216852>
Command used   : fockusty
Command used   : FOCKUSTY
Command guild  : Bottomless Hat
Command guild  : Bottomless Hat
Command time   : <t:1698330777>
Command time   : <t:1698330777:R>
Test           : 
-------[New command use] -------

-------[New command use] -------
The command was launched !:
Command name   : test
Command used   : <@877154902244216852>
Command used   : fockusty
Command used   : FOCKUSTY
Command guild  : Bottomless Hat
Command guild  : Bottomless Hat
Command time   : <t:1698330997>
Command time   : <t:1698330997:R>
Test           : 
-------[New command use] -------

-------[New command use] -------
The command was launched !:
Command name   : test
Command used   : <@877154902244216852>
Command used   : fockusty
Command used   : FOCKUSTY
Command guild  : Bottomless Hat
Command guild  : Bottomless Hat
Command time   : <t:1698331008>
Command time   : <t:1698331008:R>
Test           : 
-------[New command use] -------

-------[New command use] -------
The command was launched !:
Command name   : test
Command used   : <@877154902244216852>
Command used   : fockusty
Command used   : FOCKUSTY
Command guild  : Bottomless Hat
Command guild  : Bottomless Hat
Command time   : <t:1698331036>
Command time   : <t:1698331036:R>
Test           : 
-------[New command use] -------

-------[New command use] -------
The command was launched !:
Command name   : test
Command used   : <@877154902244216852>
Command used   : fockusty
Command used   : FOCKUSTY
Command guild  : Bottomless Hat
Command guild  : Bottomless Hat
Command time   : <t:1698331083>
Command time   : <t:1698331083:R>
Test           : 
-------[New command use] -------

-------[New command use] -------
The command was launched !:
Command name   : test
Command used   : <@877154902244216852>
Command used   : fockusty
Command used   : FOCKUSTY
Command guild  : Bottomless Hat
Command guild  : Bottomless Hat
Command time   : <t:1698331107>
Command time   : <t:1698331107:R>
Test           : 
-------[New command use] -------

-------[New command use] -------
The command was launched !:
Command name   : test
Command used   : <@877154902244216852>
Command used   : fockusty
Command used   : FOCKUSTY
Command guild  : Bottomless Hat
Command guild  : Bottomless Hat
Command time   : <t:1698331121>
Command time   : <t:1698331121:R>
Test           : 
-------[New command use] -------

-------[New command use] -------
The command was launched !:
Command name   : test
Command used   : <@877154902244216852>
Command used   : fockusty
Command used   : FOCKUSTY
Command guild  : Bottomless Hat
Command guild  : Bottomless Hat
Command time   : <t:1698331201>
Command time   : <t:1698331201:R>
Test           : 
-------[New command use] -------

-------[New command use] -------
The command was launched !:
Command name   : test
Command used   : <@877154902244216852>
Command used   : fockusty
Command used   : FOCKUSTY
Command guild  : Bottomless Hat
Command guild  : Bottomless Hat
Command time   : <t:1698331241>
Command time   : <t:1698331241:R>
Test           : 
-------[New command use] -------

-------[New command use] -------
The command was launched !:
Command name   : test
Command used   : <@877154902244216852>
Command used   : fockusty
Command used   : FOCKUSTY
Command guild  : Bottomless Hat
Command guild  : Bottomless Hat
Command time   : <t:1698331304>
Command time   : <t:1698331304:R>
Test           : 
-------[New command use] -------

-------[New command use] -------
The command was launched !:
Command name   : test
Command used   : <@877154902244216852>
Command used   : fockusty
Command used   : FOCKUSTY
Command guild  : Bottomless Hat
Command guild  : Bottomless Hat
Command time   : <t:1698331365>
Command time   : <t:1698331365:R>
Test           : 
-------[New command use] -------

-------[New command use] -------
The command was launched !:
Command name   : test
Command used   : <@877154902244216852>
Command used   : fockusty
Command used   : FOCKUSTY
Command guild  : Bottomless Hat
Command guild  : Bottomless Hat
Command time   : <t:1698331790>
Command time   : <t:1698331790:R>
Test           : 
-------[New command use] -------

-------[New command use] -------
The command was launched !:
Command name   : test
Command used   : <@877154902244216852>
Command used   : fockusty
Command used   : FOCKUSTY
Command guild  : Bottomless Hat
Command guild  : Bottomless Hat
Command time   : <t:1698331826>
Command time   : <t:1698331826:R>
Test           : 
-------[New command use] -------

-------[New command use] -------
The command was launched !:
Command name   : test
Command used   : <@877154902244216852>
Command used   : fockusty
Command used   : FOCKUSTY
Command guild  : Bottomless Hat
Command guild  : Bottomless Hat
Command time   : <t:1698331858>
Command time   : <t:1698331858:R>
Test           : 
-------[New command use] -------

-------[New command use] -------
The command was launched !:
Command name   : test
Command used   : <@877154902244216852>
Command used   : fockusty
Command used   : FOCKUSTY
Command guild  : Bottomless Hat
Command guild  : Bottomless Hat
Command time   : <t:1698331876>
Command time   : <t:1698331876:R>
Test           : 
-------[New command use] -------

-------[New command use] -------
The command was launched !:
Command name   : test
Command used   : <@877154902244216852>
Command used   : fockusty
Command used   : FOCKUSTY
Command guild  : Bottomless Hat
Command guild  : Bottomless Hat
Command time   : <t:1698331938>
Command time   : <t:1698331938:R>
Test           : 
-------[New command use] -------

-------[New command use] -------
The command was launched !:
Command name   : test
Command used   : <@877154902244216852>
Command used   : fockusty
Command used   : FOCKUSTY
Command guild  : Bottomless Hat
Command guild  : Bottomless Hat
Command time   : <t:1698333118>
Command time   : <t:1698333118:R>
Test           : 
-------[New command use] -------

-------[New command use] -------
The command was launched !:
Command name   : test
Command used   : <@877154902244216852>
Command used   : fockusty
Command used   : FOCKUSTY
Command guild  : Bottomless Hat
Command guild  : Bottomless Hat
Command time   : <t:1698333169>
Command time   : <t:1698333169:R>
Test           : 
-------[New command use] -------

-------[New command use] -------
The command was launched !:
Command name   : test
Command used   : <@877154902244216852>
Command used   : fockusty
Command used   : FOCKUSTY
Command guild  : Bottomless Hat
Command guild  : Bottomless Hat
Command time   : <t:1698333169>
Command time   : <t:1698333169:R>
Test           : 
-------[New command use] -------

-------[New command use] -------
The command was launched !:
Command name   : test
Command used   : <@877154902244216852>
Command used   : fockusty
Command used   : FOCKUSTY
Command guild  : Bottomless Hat
Command guild  : Bottomless Hat
Command time   : <t:1698333374>
Command time   : <t:1698333374:R>
Test           : 
-------[New command use] -------

-------[New command use] -------
The command was launched !:
Command name   : test
Command used   : <@877154902244216852>
Command used   : fockusty
Command used   : FOCKUSTY
Command guild  : Bottomless Hat
Command guild  : Bottomless Hat
Command time   : <t:1698334591>
Command time   : <t:1698334591:R>
Test           : 
-------[New command use] -------

-------[New command use] -------
The command was launched !:
Command name   : test
Command used   : <@877154902244216852>
Command used   : fockusty
Command used   : FOCKUSTY
Command guild  : Bottomless Hat
Command guild  : Bottomless Hat
Command time   : <t:1698334650>
Command time   : <t:1698334650:R>
Test           : 
-------[New command use] -------

-------[New command use] -------
The command was launched !:
Command name   : test
Command used   : <@877154902244216852>
Command used   : fockusty
Command used   : FOCKUSTY
Command guild  : Bottomless Hat
Command guild  : Bottomless Hat
Command time   : <t:1698334685>
Command time   : <t:1698334685:R>
Test           : 
-------[New command use] -------

-------[New command use] -------
The command was launched !:
Command name   : test
Command used   : <@877154902244216852>
Command used   : fockusty
Command used   : FOCKUSTY
Command guild  : Bottomless Hat
Command guild  : Bottomless Hat
Command time   : <t:1698334821>
Command time   : <t:1698334821:R>
Test           : 
-------[New command use] -------

-------[New command use] -------
The command was launched !:
Command name   : test
Command used   : <@877154902244216852>
Command used   : fockusty
Command used   : FOCKUSTY
Command guild  : Bottomless Hat
Command guild  : Bottomless Hat
Command time   : <t:1698334891>
Command time   : <t:1698334891:R>
Test           : 
-------[New command use] -------

-------[New command use] -------
The command was launched !:
Command name   : test
Command used   : <@877154902244216852>
Command used   : fockusty
Command used   : FOCKUSTY
Command guild  : Bottomless Hat
Command guild  : Bottomless Hat
Command time   : <t:1698334907>
Command time   : <t:1698334907:R>
Test           : 
-------[New command use] -------

-------[New command use] -------
The command was launched !:
Command name   : test
Command used   : <@877154902244216852>
Command used   : fockusty
Command used   : FOCKUSTY
Command guild  : Bottomless Hat
Command guild  : Bottomless Hat
Command time   : <t:1698334967>
Command time   : <t:1698334967:R>
Test           : 
-------[New command use] -------

-------[New command use] -------
The command was launched !:
Command name   : test
Command used   : <@877154902244216852>
Command used   : fockusty
Command used   : FOCKUSTY
Command guild  : Bottomless Hat
Command guild  : Bottomless Hat
Command time   : <t:1698335039>
Command time   : <t:1698335039:R>
Test           : 
-------[New command use] -------

-------[New command use] -------
The command was launched !:
Command name   : test
Command used   : <@877154902244216852>
Command used   : fockusty
Command used   : FOCKUSTY
Command guild  : Bottomless Hat
Command guild  : Bottomless Hat
Command time   : <t:1698335157>
Command time   : <t:1698335157:R>
Test           : 
-------[New command use] -------

-------[New command use] -------
The command was launched !:
Command name   : test
Command used   : <@877154902244216852>
Command used   : fockusty
Command used   : FOCKUSTY
Command guild  : Bottomless Hat
Command guild  : Bottomless Hat
Command time   : <t:1698335187>
Command time   : <t:1698335187:R>
Test           : 
-------[New command use] -------

-------[New command use] -------
The command was launched !:
Command name   : test
Command used   : <@877154902244216852>
Command used   : fockusty
Command used   : FOCKUSTY
Command guild  : Bottomless Hat
Command guild  : Bottomless Hat
Command time   : <t:1698335207>
Command time   : <t:1698335207:R>
Test           : 
-------[New command use] -------

-------[New command use] -------
The command was launched !:
Command name   : test
Command used   : <@877154902244216852>
Command used   : fockusty
Command used   : FOCKUSTY
Command guild  : Bottomless Hat
Command guild  : Bottomless Hat
Command time   : <t:1698335255>
Command time   : <t:1698335255:R>
Test           : 
-------[New command use] -------

-------[New command use] -------
The command was launched !:
Command name   : test
Command used   : <@877154902244216852>
Command used   : fockusty
Command used   : FOCKUSTY
Command guild  : Bottomless Hat
Command guild  : Bottomless Hat
Command time   : <t:1698335317>
Command time   : <t:1698335317:R>
Test           : 
-------[New command use] -------

-------[New command use] -------
The command was launched !:
Command name   : test
Command used   : <@877154902244216852>
Command used   : fockusty
Command used   : FOCKUSTY
Command guild  : Bottomless Hat
Command guild  : Bottomless Hat
Command time   : <t:1698335507>
Command time   : <t:1698335507:R>
Test           : 
-------[New command use] -------

-------[New command use] -------
The command was launched !:
Command name   : test
Command used   : <@877154902244216852>
Command used   : fockusty
Command used   : FOCKUSTY
Command guild  : Bottomless Hat
Command guild  : Bottomless Hat
Command time   : <t:1698335529>
Command time   : <t:1698335529:R>
Test           : 
-------[New command use] -------

-------[New command use] -------
The command was launched !:
Command name   : test
Command used   : <@877154902244216852>
Command used   : fockusty
Command used   : FOCKUSTY
Command guild  : Bottomless Hat
Command guild  : Bottomless Hat
Command time   : <t:1698335547>
Command time   : <t:1698335547:R>
Test           : 
-------[New command use] -------

-------[New command use] -------
The command was launched !:
Command name   : test
Command used   : <@877154902244216852>
Command used   : fockusty
Command used   : FOCKUSTY
Command guild  : Bottomless Hat
Command guild  : Bottomless Hat
Command time   : <t:1698335595>
Command time   : <t:1698335595:R>
Test           : 
-------[New command use] -------

-------[New command use] -------
The command was launched !:
Command name   : test
Command used   : <@877154902244216852>
Command used   : fockusty
Command used   : FOCKUSTY
Command guild  : Bottomless Hat
Command guild  : Bottomless Hat
Command time   : <t:1698335625>
Command time   : <t:1698335625:R>
Test           : 
-------[New command use] -------

-------[New command use] -------
The command was launched !:
Command name   : test
Command used   : <@877154902244216852>
Command used   : fockusty
Command used   : FOCKUSTY
Command guild  : Bottomless Hat
Command guild  : Bottomless Hat
Command time   : <t:1698335676>
Command time   : <t:1698335676:R>
Test           : 
-------[New command use] -------

-------[New command use] -------
The command was launched !:
Command name   : test
Command used   : <@877154902244216852>
Command used   : fockusty
Command used   : FOCKUSTY
Command guild  : Bottomless Hat
Command guild  : Bottomless Hat
Command time   : <t:1698335807>
Command time   : <t:1698335807:R>
Test           : 
-------[New command use] -------

-------[New command use] -------
The command was launched !:
Command name   : test
Command used   : <@877154902244216852>
Command used   : fockusty
Command used   : FOCKUSTY
Command guild  : Bottomless Hat
Command guild  : Bottomless Hat
Command time   : <t:1698335830>
Command time   : <t:1698335830:R>
Test           : 
-------[New command use] -------

-------[New command use] -------
The command was launched !:
Command name   : test
Command used   : <@877154902244216852>
Command used   : fockusty
Command used   : FOCKUSTY
Command guild  : Bottomless Hat
Command guild  : Bottomless Hat
Command time   : <t:1698335921>
Command time   : <t:1698335921:R>
Test           : 
-------[New command use] -------

-------[New command use] -------
The command was launched !:
Command name   : test
Command used   : <@877154902244216852>
Command used   : fockusty
Command used   : FOCKUSTY
Command guild  : Bottomless Hat
Command guild  : Bottomless Hat
Command time   : <t:1698335948>
Command time   : <t:1698335948:R>
Test           : 
-------[New command use] -------

-------[New command use] -------
The command was launched !:
Command name   : test
Command used   : <@877154902244216852>
Command used   : fockusty
Command used   : FOCKUSTY
Command guild  : Bottomless Hat
Command guild  : Bottomless Hat
Command time   : <t:1698336022>
Command time   : <t:1698336022:R>
Test           : 
-------[New command use] -------

-------[New command use] -------
The command was launched !:
Command name   : test
Command used   : <@877154902244216852>
Command used   : fockusty
Command used   : FOCKUSTY
Command guild  : Bottomless Hat
Command guild  : Bottomless Hat
Command time   : <t:1698336042>
Command time   : <t:1698336042:R>
Test           : 
-------[New command use] -------

-------[New command use] -------
The command was launched !:
Command name   : test
Command used   : <@877154902244216852>
Command used   : fockusty
Command used   : FOCKUSTY
Command guild  : Hattest
Command guild  : Hattest
Command time   : <t:1698336258>
Command time   : <t:1698336258:R>
Test           : 
-------[New command use] -------

-------[New command use] -------
The command was launched !:
Command name   : test
Command used   : <@877154902244216852>
Command used   : fockusty
Command used   : FOCKUSTY
Command guild  : Hattest
Command guild  : Hattest
Command time   : <t:1698336343>
Command time   : <t:1698336343:R>
Test           : 
-------[New command use] -------

-------[New command use] -------
The command was launched !:
Command name   : test
Command used   : <@877154902244216852>
Command used   : fockusty
Command used   : FOCKUSTY
Command guild  : Hattest
Command guild  : Hattest
Command time   : <t:1698336379>
Command time   : <t:1698336379:R>
Test           : 
-------[New command use] -------

-------[New command use] -------
The command was launched !:
Command name   : test
Command used   : <@877154902244216852>
Command used   : fockusty
Command used   : FOCKUSTY
Command guild  : Hattest
Command guild  : Hattest
Command time   : <t:1698336483>
Command time   : <t:1698336483:R>
Test           : 
-------[New command use] -------

-------[New command use] -------
The command was launched !:
Command name   : test
Command used   : <@877154902244216852>
Command used   : fockusty
Command used   : FOCKUSTY
Command guild  : Hattest
Command guild  : Hattest
Command time   : <t:1698336682>
Command time   : <t:1698336682:R>
Test           : 
-------[New command use] -------

-------[New command use] -------
The command was launched !:
Command name   : test
Command used   : <@877154902244216852>
Command used   : fockusty
Command used   : FOCKUSTY
Command guild  : Hattest
Command guild  : Hattest
Command time   : <t:1698336870>
Command time   : <t:1698336870:R>
Test           : 
-------[New command use] -------

-------[New command use] -------
The command was launched !:
Command name   : test
Command used   : <@877154902244216852>
Command used   : fockusty
Command used   : FOCKUSTY
Command guild  : Hattest
Command guild  : Hattest
Command time   : <t:1698336980>
Command time   : <t:1698336980:R>
Test           : 
-------[New command use] -------

-------[New command use] -------
The command was launched !:
Command name   : test
Command used   : <@877154902244216852>
Command used   : fockusty
Command used   : FOCKUSTY
Command guild  : Hattest
Command guild  : Hattest
Command time   : <t:1698336997>
Command time   : <t:1698336997:R>
Test           : 
-------[New command use] -------

-------[New command use] -------
The command was launched !:
Command name   : test
Command used   : <@877154902244216852>
Command used   : fockusty
Command used   : FOCKUSTY
Command guild  : Hattest
Command guild  : Hattest
Command time   : <t:1698337030>
Command time   : <t:1698337030:R>
Test           : 
-------[New command use] -------

-------[New command use] -------
The command was launched !:
Command name   : test
Command used   : <@877154902244216852>
Command used   : fockusty
Command used   : FOCKUSTY
Command guild  : Hattest
Command guild  : Hattest
Command time   : <t:1698337098>
Command time   : <t:1698337098:R>
Test           : 
-------[New command use] -------

-------[New command use] -------
The command was launched !:
Command name   : roles
Command used   : <@877154902244216852>
Command used   : fockusty
Command used   : FOCKUSTY
Command guild  : Bottomless Hat
Command guild  : Bottomless Hat
Command time   : <t:1698337247>
Command time   : <t:1698337247:R>
Test           : 
-------[New command use] -------

-------[New command use] -------
The command was launched !:
Command name   : roles
Command used   : <@1012382778681208955>
Command used   : fransi_f
Command used   : Fransi
Command guild  : Bottomless Hat
Command guild  : Bottomless Hat
Command time   : <t:1698337305>
Command time   : <t:1698337305:R>
Test           : 
-------[New command use] -------

-------[New command use] -------
The command was launched !:
Command name   : test
Command used   : <@877154902244216852>
Command used   : fockusty
Command used   : FOCKUSTY
Command guild  : FarySD - Starting... Started!
Command guild  : FarySD - Starting... Started!
Command time   : <t:1698337356>
Command time   : <t:1698337356:R>
Test           : 
-------[New command use] -------

-------[New command use] -------
The command was launched !:
Command name   : roles
Command used   : <@877154902244216852>
Command used   : fockusty
Command used   : FOCKUSTY
Command guild  : FarySD - Starting... Started!
Command guild  : FarySD - Starting... Started!
Command time   : <t:1698337360>
Command time   : <t:1698337360:R>
Test           : 
-------[New command use] -------

-------[New command use] -------
The command was launched !:
Command name   : roles
Command used   : <@877154902244216852>
Command used   : fockusty
Command used   : FOCKUSTY
Command guild  : Королевские ученики
Command guild  : Королевские ученики
Command time   : <t:1698337489>
Command time   : <t:1698337489:R>
Test           : 
-------[New command use] -------

-------[New command use] -------
The command was launched !:
Command name   : roles
Command used   : <@877154902244216852>
Command used   : fockusty
Command used   : FOCKUSTY
Command guild  : Bottomless Hat
Command guild  : Bottomless Hat
Command time   : <t:1698338040>
Command time   : <t:1698338040:R>
Test           : 
-------[New command use] -------

-------[New command use] -------
The command was launched !:
Command name   : roles
Command used   : <@877154902244216852>
Command used   : fockusty
Command used   : FOCKUSTY
Command guild  : Hattest
Command guild  : Hattest
Command time   : <t:1698338095>
Command time   : <t:1698338095:R>
Test           : 
-------[New command use] -------

-------[New command use] -------
The command was launched !:
Command name   : server
Command used   : <@877154902244216852>
Command used   : fockusty
Command used   : FOCKUSTY
Command guild  : Bottomless Hat
Command guild  : Bottomless Hat
Command time   : <t:1698340416>
Command time   : <t:1698340416:R>
Test           : 
-------[New command use] -------

-------[New command use] -------
The command was launched !:
Command name   : length
Command used   : <@1053751610603470908>
Command used   : nomika1
Command used   : نوميكا شخص رائع
Command guild  : Bottomless Hat
Command guild  : Bottomless Hat
Command time   : <t:1698340439>
Command time   : <t:1698340439:R>
Test           : 
-------[New command use] -------

-------[New command use] -------
The command was launched !:
Command name   : roles
Command used   : <@877154902244216852>
Command used   : fockusty
Command used   : FOCKUSTY
Command guild  : Hattest
Command guild  : Hattest
Command time   : <t:1698418374>
Command time   : <t:1698418374:R>
Test           : 
-------[New command use] -------

-------[New command use] -------
The command was launched !:
Command name   : user
Command used   : <@877154902244216852>
Command used   : fockusty
Command used   : FOCKUSTY
Command guild  : Hattest
Command guild  : Hattest
Command time   : <t:1698418387>
Command time   : <t:1698418387:R>
Test           : 
-------[New command use] -------

-------[New command use] -------
The command was launched !:
Command name   : ping
Command used   : <@877154902244216852>
Command used   : fockusty
Command used   : FOCKUSTY
Command guild  : Hattest
Command guild  : Hattest
Command time   : <t:1698418398>
Command time   : <t:1698418398:R>
Test           : 
-------[New command use] -------

-------[New command use] -------
The command was launched !:
Command name   : user
Command used   : <@877154902244216852>
Command used   : fockusty
Command used   : FOCKUSTY
Command guild  : Hattest
Command guild  : Hattest
Command time   : <t:1698418920>
Command time   : <t:1698418920:R>
Test           : 
-------[New command use] -------

-------[New command use] -------
The command was launched !:
Command name   : user
Command used   : <@877154902244216852>
Command used   : fockusty
Command used   : FOCKUSTY
Command guild  : Hattest
Command guild  : Hattest
Command time   : <t:1698418955>
Command time   : <t:1698418955:R>
Test           : 
-------[New command use] -------

-------[New command use] -------
The command was launched !:
Command name   : user
Command used   : <@877154902244216852>
Command used   : fockusty
Command used   : FOCKUSTY
Command guild  : Hattest
Command guild  : Hattest
Command time   : <t:1698419007>
Command time   : <t:1698419007:R>
Test           : 
-------[New command use] -------

-------[New command use] -------
The command was launched !:
Command name   : user
Command used   : <@877154902244216852>
Command used   : fockusty
Command used   : FOCKUSTY
Command guild  : Hattest
Command guild  : Hattest
Command time   : <t:1698419036>
Command time   : <t:1698419036:R>
Test           : 
-------[New command use] -------

-------[New command use] -------
The command was launched !:
Command name   : user
Command used   : <@877154902244216852>
Command used   : fockusty
Command used   : FOCKUSTY
Command guild  : Hattest
Command guild  : Hattest
Command time   : <t:1698419069>
Command time   : <t:1698419069:R>
Test           : 
-------[New command use] -------

-------[New command use] -------
The command was launched !:
Command name   : user
Command used   : <@877154902244216852>
Command used   : fockusty
Command used   : FOCKUSTY
Command guild  : Hattest
Command guild  : Hattest
Command time   : <t:1698419093>
Command time   : <t:1698419093:R>
Test           : 
-------[New command use] -------

-------[New command use] -------
The command was launched !:
Command name   : user
Command used   : <@877154902244216852>
Command used   : fockusty
Command used   : FOCKUSTY
Command guild  : Bottomless Hat
Command guild  : Bottomless Hat
Command time   : <t:1698419107>
Command time   : <t:1698419107:R>
Test           : 
-------[New command use] -------

-------[New command use] -------
The command was launched !:
Command name   : user
Command used   : <@877154902244216852>
Command used   : fockusty
Command used   : FOCKUSTY
Command guild  : Bottomless Hat
Command guild  : Bottomless Hat
Command time   : <t:1698419144>
Command time   : <t:1698419144:R>
Test           : 
-------[New command use] -------

-------[New command use] -------
The command was launched !:
Command name   : server
Command used   : <@877154902244216852>
Command used   : fockusty
Command used   : FOCKUSTY
Command guild  : Bottomless Hat
Command guild  : Bottomless Hat
Command time   : <t:1698420650>
Command time   : <t:1698420650:R>
Test           : 
-------[New command use] -------

-------[New command use] -------
The command was launched !:
Command name   : thevoid
Command used   : <@877154902244216852>
Command used   : fockusty
Command used   : FOCKUSTY
Command guild  : Bottomless Hat
Command guild  : Bottomless Hat
Command time   : <t:1698420741>
Command time   : <t:1698420741:R>
Test           : 
-------[New command use] -------

-------[New command use] -------
The command was launched !:
Command name   : thevoid
Command used   : <@877154902244216852>
Command used   : fockusty
Command used   : FOCKUSTY
Command guild  : Bottomless Hat
Command guild  : Bottomless Hat
Command time   : <t:1698420755>
Command time   : <t:1698420755:R>
Test           : 
-------[New command use] -------

-------[New command use] -------
The command was launched !:
Command name   : thevoid
Command used   : <@877154902244216852>
Command used   : fockusty
Command used   : FOCKUSTY
Command guild  : Bottomless Hat
Command guild  : Bottomless Hat
Command time   : <t:1698420762>
Command time   : <t:1698420762:R>
Test           : 
-------[New command use] -------

-------[New command use] -------
The command was launched !:
Command name   : thevoid
Command used   : <@877154902244216852>
Command used   : fockusty
Command used   : FOCKUSTY
Command guild  : Bottomless Hat
Command guild  : Bottomless Hat
Command time   : <t:1698420766>
Command time   : <t:1698420766:R>
Test           : 
-------[New command use] -------

-------[New command use] -------
The command was launched !:
Command name   : thevoid
Command used   : <@877154902244216852>
Command used   : fockusty
Command used   : FOCKUSTY
Command guild  : Bottomless Hat
Command guild  : Bottomless Hat
Command time   : <t:1698420770>
Command time   : <t:1698420770:R>
Test           : 
-------[New command use] -------

-------[New command use] -------
The command was launched !:
Command name   : thevoid
Command used   : <@877154902244216852>
Command used   : fockusty
Command used   : FOCKUSTY
Command guild  : Bottomless Hat
Command guild  : Bottomless Hat
Command time   : <t:1698420844>
Command time   : <t:1698420844:R>
Test           : 
-------[New command use] -------

-------[New command use] -------
The command was launched !:
Command name   : thevoid
Command used   : <@877154902244216852>
Command used   : fockusty
Command used   : FOCKUSTY
Command guild  : Bottomless Hat
Command guild  : Bottomless Hat
Command time   : <t:1698420849>
Command time   : <t:1698420849:R>
Test           : 
-------[New command use] -------

-------[New command use] -------
The command was launched !:
Command name   : thevoid
Command used   : <@877154902244216852>
Command used   : fockusty
Command used   : FOCKUSTY
Command guild  : Bottomless Hat
Command guild  : Bottomless Hat
Command time   : <t:1698420855>
Command time   : <t:1698420855:R>
Test           : 
-------[New command use] -------

-------[New command use] -------
The command was launched !:
Command name   : thevoid
Command used   : <@877154902244216852>
Command used   : fockusty
Command used   : FOCKUSTY
Command guild  : Bottomless Hat
Command guild  : Bottomless Hat
Command time   : <t:1698420860>
Command time   : <t:1698420860:R>
Test           : 
-------[New command use] -------

-------[New command use] -------
The command was launched !:
Command name   : thevoid
Command used   : <@877154902244216852>
Command used   : fockusty
Command used   : FOCKUSTY
Command guild  : Bottomless Hat
Command guild  : Bottomless Hat
Command time   : <t:1698420864>
Command time   : <t:1698420864:R>
Test           : 
-------[New command use] -------

-------[New command use] -------
The command was launched !:
Command name   : thevoid
Command used   : <@877154902244216852>
Command used   : fockusty
Command used   : FOCKUSTY
Command guild  : Bottomless Hat
Command guild  : Bottomless Hat
Command time   : <t:1698420892>
Command time   : <t:1698420892:R>
Test           : 
-------[New command use] -------

-------[New command use] -------
The command was launched !:
Command name   : thevoid
Command used   : <@877154902244216852>
Command used   : fockusty
Command used   : FOCKUSTY
Command guild  : Bottomless Hat
Command guild  : Bottomless Hat
Command time   : <t:1698420896>
Command time   : <t:1698420896:R>
Test           : 
-------[New command use] -------

-------[New command use] -------
The command was launched !:
Command name   : thevoid
Command used   : <@877154902244216852>
Command used   : fockusty
Command used   : FOCKUSTY
Command guild  : Bottomless Hat
Command guild  : Bottomless Hat
Command time   : <t:1698420899>
Command time   : <t:1698420899:R>
Test           : 
-------[New command use] -------

-------[New command use] -------
The command was launched !:
Command name   : thevoid
Command used   : <@877154902244216852>
Command used   : fockusty
Command used   : FOCKUSTY
Command guild  : Bottomless Hat
Command guild  : Bottomless Hat
Command time   : <t:1698420967>
Command time   : <t:1698420967:R>
Test           : 
-------[New command use] -------

-------[New command use] -------
The command was launched !:
Command name   : thevoid
Command used   : <@877154902244216852>
Command used   : fockusty
Command used   : FOCKUSTY
Command guild  : Bottomless Hat
Command guild  : Bottomless Hat
Command time   : <t:1698420972>
Command time   : <t:1698420972:R>
Test           : 
-------[New command use] -------

-------[New command use] -------
The command was launched !:
Command name   : thevoid
Command used   : <@877154902244216852>
Command used   : fockusty
Command used   : FOCKUSTY
Command guild  : Bottomless Hat
Command guild  : Bottomless Hat
Command time   : <t:1698420976>
Command time   : <t:1698420976:R>
Test           : 
-------[New command use] -------

-------[New command use] -------
The command was launched !:
Command name   : random
Command used   : <@877154902244216852>
Command used   : fockusty
Command used   : FOCKUSTY
Command guild  : Hattest
Command guild  : Hattest
Command time   : <t:1698422052>
Command time   : <t:1698422052:R>
Test           : 
-------[New command use] -------

-------[New command use] -------
The command was launched !:
Command name   : random
Command used   : <@877154902244216852>
Command used   : fockusty
Command used   : FOCKUSTY
Command guild  : Hattest
Command guild  : Hattest
Command time   : <t:1698422058>
Command time   : <t:1698422058:R>
Test           : 
-------[New command use] -------

-------[New command use] -------
The command was launched !:
Command name   : random
Command used   : <@877154902244216852>
Command used   : fockusty
Command used   : FOCKUSTY
Command guild  : Hattest
Command guild  : Hattest
Command time   : <t:1698422060>
Command time   : <t:1698422060:R>
Test           : 
-------[New command use] -------

-------[New command use] -------
The command was launched !:
Command name   : random
Command used   : <@877154902244216852>
Command used   : fockusty
Command used   : FOCKUSTY
Command guild  : Hattest
Command guild  : Hattest
Command time   : <t:1698422065>
Command time   : <t:1698422065:R>
Test           : 
-------[New command use] -------

-------[New command use] -------
The command was launched !:
Command name   : random
Command used   : <@877154902244216852>
Command used   : fockusty
Command used   : FOCKUSTY
Command guild  : Hattest
Command guild  : Hattest
Command time   : <t:1698422067>
Command time   : <t:1698422067:R>
Test           : 
-------[New command use] -------

-------[New command use] -------
The command was launched !:
Command name   : random
Command used   : <@877154902244216852>
Command used   : fockusty
Command used   : FOCKUSTY
Command guild  : Hattest
Command guild  : Hattest
Command time   : <t:1698422068>
Command time   : <t:1698422068:R>
Test           : 
-------[New command use] -------

-------[New command use] -------
The command was launched !:
Command name   : random
Command used   : <@877154902244216852>
Command used   : fockusty
Command used   : FOCKUSTY
Command guild  : Hattest
Command guild  : Hattest
Command time   : <t:1698422070>
Command time   : <t:1698422070:R>
Test           : 
-------[New command use] -------

-------[New command use] -------
The command was launched !:
Command name   : random
Command used   : <@877154902244216852>
Command used   : fockusty
Command used   : FOCKUSTY
Command guild  : Hattest
Command guild  : Hattest
Command time   : <t:1698422073>
Command time   : <t:1698422073:R>
Test           : 
-------[New command use] -------

-------[New command use] -------
The command was launched !:
Command name   : random
Command used   : <@877154902244216852>
Command used   : fockusty
Command used   : FOCKUSTY
Command guild  : Hattest
Command guild  : Hattest
Command time   : <t:1698422075>
Command time   : <t:1698422075:R>
Test           : 
-------[New command use] -------

-------[New command use] -------
The command was launched !:
Command name   : random
Command used   : <@877154902244216852>
Command used   : fockusty
Command used   : FOCKUSTY
Command guild  : Hattest
Command guild  : Hattest
Command time   : <t:1698422130>
Command time   : <t:1698422130:R>
Test           : 
-------[New command use] -------

-------[New command use] -------
The command was launched !:
Command name   : random
Command used   : <@877154902244216852>
Command used   : fockusty
Command used   : FOCKUSTY
Command guild  : Hattest
Command guild  : Hattest
Command time   : <t:1698422141>
Command time   : <t:1698422141:R>
Test           : 
-------[New command use] -------

-------[New command use] -------
The command was launched !:
Command name   : reload
Command used   : <@877154902244216852>
Command used   : fockusty
Command used   : FOCKUSTY
Command guild  : Bottomless Hat
Command guild  : Bottomless Hat
Command time   : <t:1698422336>
Command time   : <t:1698422336:R>
Test           : 
-------[New command use] -------

-------[New command use] -------
The command was launched !:
Command name   : reload
Command used   : <@877154902244216852>
Command used   : fockusty
Command used   : FOCKUSTY
Command guild  : Bottomless Hat
Command guild  : Bottomless Hat
Command time   : <t:1698422563>
Command time   : <t:1698422563:R>
Test           : 
-------[New command use] -------

-------[New command use] -------
The command was launched !:
Command name   : reload
Command used   : <@877154902244216852>
Command used   : fockusty
Command used   : FOCKUSTY
Command guild  : Bottomless Hat
Command guild  : Bottomless Hat
Command time   : <t:1698422952>
Command time   : <t:1698422952:R>
Test           : 
-------[New command use] -------

-------[New command use] -------
The command was launched !:
Command name   : reload
Command used   : <@877154902244216852>
Command used   : fockusty
Command used   : FOCKUSTY
Command guild  : Bottomless Hat
Command guild  : Bottomless Hat
Command time   : <t:1698423052>
Command time   : <t:1698423052:R>
Test           : 
-------[New command use] -------

-------[New command use] -------
The command was launched !:
Command name   : reload
Command used   : <@877154902244216852>
Command used   : fockusty
Command used   : FOCKUSTY
Command guild  : Bottomless Hat
Command guild  : Bottomless Hat
Command time   : <t:1698423134>
Command time   : <t:1698423134:R>
Test           : 
-------[New command use] -------

-------[New command use] -------
The command was launched !:
Command name   : reload
Command used   : <@877154902244216852>
Command used   : fockusty
Command used   : FOCKUSTY
Command guild  : Bottomless Hat
Command guild  : Bottomless Hat
Command time   : <t:1698423164>
Command time   : <t:1698423164:R>
Test           : 
-------[New command use] -------

-------[New command use] -------
The command was launched !:
Command name   : help
Command used   : <@877154902244216852>
Command used   : fockusty
Command used   : FOCKUSTY
Command guild  : Bottomless Hat
Command guild  : Bottomless Hat
Command time   : <t:1698481564>
Command time   : <t:1698481564:R>
Test           : 
-------[New command use] -------

-------[New command use] -------
The command was launched !:
Command name   : help
Command used   : <@877154902244216852>
Command used   : fockusty
Command used   : FOCKUSTY
Command guild  : Bottomless Hat
Command guild  : Bottomless Hat
Command time   : <t:1698481639>
Command time   : <t:1698481639:R>
Test           : 
-------[New command use] -------

-------[New command use] -------
The command was launched !:
Command name   : help
Command used   : <@877154902244216852>
Command used   : fockusty
Command used   : FOCKUSTY
Command guild  : Bottomless Hat
Command guild  : Bottomless Hat
Command time   : <t:1698481935>
Command time   : <t:1698481935:R>
Test           : 
-------[New command use] -------

-------[New command use] -------
The command was launched !:
Command name   : help
Command used   : <@877154902244216852>
Command used   : fockusty
Command used   : FOCKUSTY
Command guild  : Bottomless Hat
Command guild  : Bottomless Hat
Command time   : <t:1698481971>
Command time   : <t:1698481971:R>
Test           : 
-------[New command use] -------

-------[New command use] -------
The command was launched !:
Command name   : help
Command used   : <@877154902244216852>
Command used   : fockusty
Command used   : FOCKUSTY
Command guild  : Bottomless Hat
Command guild  : Bottomless Hat
Command time   : <t:1698481995>
Command time   : <t:1698481995:R>
Test           : 
-------[New command use] -------

-------[New command use] -------
The command was launched !:
Command name   : help
Command used   : <@877154902244216852>
Command used   : fockusty
Command used   : FOCKUSTY
Command guild  : Bottomless Hat
Command guild  : Bottomless Hat
Command time   : <t:1698482181>
Command time   : <t:1698482181:R>
Test           : 
-------[New command use] -------

-------[New command use] -------
The command was launched !:
Command name   : help
Command used   : <@877154902244216852>
Command used   : fockusty
Command used   : FOCKUSTY
Command guild  : Bottomless Hat
Command guild  : Bottomless Hat
Command time   : <t:1698482221>
Command time   : <t:1698482221:R>
Test           : 
-------[New command use] -------

-------[New command use] -------
The command was launched !:
Command name   : thevoid
Command used   : <@877154902244216852>
Command used   : fockusty
Command used   : FOCKUSTY
Command guild  : 1053295032762908782
Command guild  : Bottomless Hat
Command time   : <t:1698501923>
Command time   : <t:1698501923:R>
Test           : 
-------[New command use] -------

-------[New command use] -------
The command was launched !:
Command name   : thevoid
Command used   : <@877154902244216852>
Command used   : fockusty
Command used   : FOCKUSTY
Command guild  : 1053295032762908782
Command guild  : Bottomless Hat
Command time   : <t:1698501930>
Command time   : <t:1698501930:R>
Test           : 
-------[New command use] -------

-------[New command use] -------
The command was launched !:
Command name   : thevoid
Command used   : <@877154902244216852>
Command used   : fockusty
Command used   : FOCKUSTY
Command guild  : 1053295032762908782
Command guild  : Bottomless Hat
Command time   : <t:1698501935>
Command time   : <t:1698501935:R>
Test           : 
-------[New command use] -------

-------[New command use] -------
The command was launched !:
Command name   : thevoid
Command used   : <@877154902244216852>
Command used   : fockusty
Command used   : FOCKUSTY
Command guild  : 1053295032762908782
Command guild  : Bottomless Hat
Command time   : <t:1698501940>
Command time   : <t:1698501940:R>
Test           : 
-------[New command use] -------

-------[New command use] -------
The command was launched !:
Command name   : thevoid
Command used   : <@877154902244216852>
Command used   : fockusty
Command used   : FOCKUSTY
Command guild  : 1053295032762908782
Command guild  : Bottomless Hat
Command time   : <t:1698502097>
Command time   : <t:1698502097:R>
Test           : 
-------[New command use] -------

-------[New command use] -------
The command was launched !:
Command name   : user
Command used   : <@877154902244216852>
Command used   : fockusty
Command used   : FOCKUSTY
Command guild  : 1053295032762908782
Command guild  : Bottomless Hat - Halloween Update!
Command time   : <t:1698677683>
Command time   : <t:1698677683:R>
Test           : 
-------[New command use] -------

-------[New command use] -------
The command was launched !:
Command name   : user
Command used   : <@877154902244216852>
Command used   : fockusty
Command used   : FOCKUSTY
Command guild  : 1053295032762908782
Command guild  : Bottomless Hat - Halloween Update!
Command time   : <t:1698677854>
Command time   : <t:1698677854:R>
Test           : 
-------[New command use] -------

-------[New command use] -------
The command was launched !:
Command name   : user
Command used   : <@877154902244216852>
Command used   : fockusty
Command used   : FOCKUSTY
Command guild  : 1053295032762908782
Command guild  : Bottomless Hat - Halloween Update!
Command time   : <t:1698677917>
Command time   : <t:1698677917:R>
Test           : 
-------[New command use] -------

-------[New command use] -------
The command was launched !:
Command name   : user
Command used   : <@877154902244216852>
Command used   : fockusty
Command used   : FOCKUSTY
Command guild  : 1053295032762908782
Command guild  : Bottomless Hat - Halloween Update!
Command time   : <t:1698677997>
Command time   : <t:1698677997:R>
Test           : 
-------[New command use] -------

-------[New command use] -------
The command was launched !:
Command name   : user
Command used   : <@877154902244216852>
Command used   : fockusty
Command used   : FOCKUSTY
Command guild  : 1053295032762908782
Command guild  : Bottomless Hat - Halloween Update!
Command time   : <t:1698678035>
Command time   : <t:1698678035:R>
Test           : 
-------[New command use] -------

-------[New command use] -------
The command was launched !:
Command name   : user
Command used   : <@877154902244216852>
Command used   : fockusty
Command used   : FOCKUSTY
Command guild  : 1053295032762908782
Command guild  : Bottomless Hat - Halloween Update!
Command time   : <t:1698678070>
Command time   : <t:1698678070:R>
Test           : 
-------[New command use] -------

-------[New command use] -------
The command was launched !:
Command name   : user
Command used   : <@877154902244216852>
Command used   : fockusty
Command used   : FOCKUSTY
Command guild  : 1053295032762908782
Command guild  : Bottomless Hat - Halloween Update!
Command time   : <t:1698678131>
Command time   : <t:1698678131:R>
Test           : 
-------[New command use] -------

-------[New command use] -------
The command was launched !:
Command name   : user
Command used   : <@877154902244216852>
Command used   : fockusty
Command used   : FOCKUSTY
Command guild  : 1053295032762908782
Command guild  : Bottomless Hat - Halloween Update!
Command time   : <t:1698678157>
Command time   : <t:1698678157:R>
Test           : 
-------[New command use] -------

-------[New command use] -------
The command was launched !:
Command name   : user
Command used   : <@877154902244216852>
Command used   : fockusty
Command used   : FOCKUSTY
Command guild  : 1053295032762908782
Command guild  : Bottomless Hat - Halloween Update!
Command time   : <t:1698678172>
Command time   : <t:1698678172:R>
Test           : 
-------[New command use] -------

-------[New command use] -------
The command was launched !:
Command name   : reload
Command used   : <@877154902244216852>
Command used   : fockusty
Command used   : FOCKUSTY
Command guild  : 1053295032762908782
Command guild  : Bottomless Hat - Halloween Update!
Command time   : <t:1698678194>
Command time   : <t:1698678194:R>
Test           : 
-------[New command use] -------

-------[New command use] -------
The command was launched !:
Command name   : user
Command used   : <@877154902244216852>
Command used   : fockusty
Command used   : FOCKUSTY
Command guild  : 1053295032762908782
Command guild  : Bottomless Hat - Halloween Update!
Command time   : <t:1698678198>
Command time   : <t:1698678198:R>
Test           : 
-------[New command use] -------

-------[New command use] -------
The command was launched !:
Command name   : user
Command used   : <@877154902244216852>
Command used   : fockusty
Command used   : FOCKUSTY
Command guild  : 1053295032762908782
Command guild  : Bottomless Hat - Halloween Update!
Command time   : <t:1698678213>
Command time   : <t:1698678213:R>
Test           : 
-------[New command use] -------

-------[New command use] -------
The command was launched !:
Command name   : user
Command used   : <@877154902244216852>
Command used   : fockusty
Command used   : FOCKUSTY
Command guild  : 1053295032762908782
Command guild  : Bottomless Hat - Halloween Update!
Command time   : <t:1698678233>
Command time   : <t:1698678233:R>
Test           : 
-------[New command use] -------

-------[New command use] -------
The command was launched !:
Command name   : servers
Command used   : <@877154902244216852>
Command used   : fockusty
Command used   : FOCKUSTY
Command guild  : 1053295032762908782
Command guild  : Bottomless Hat - Halloween Update!
Command time   : <t:1698682904>
Command time   : <t:1698682904:R>
Test           : 
-------[New command use] -------

-------[New command use] -------
The command was launched !:
Command name   : servers
Command used   : <@877154902244216852>
Command used   : fockusty
Command used   : FOCKUSTY
Command guild  : 1053295032762908782
Command guild  : Bottomless Hat - Halloween Update!
Command time   : <t:1698682928>
Command time   : <t:1698682928:R>
Test           : 
-------[New command use] -------

-------[New command use] -------
The command was launched !:
Command name   : servers
Command used   : <@877154902244216852>
Command used   : fockusty
Command used   : FOCKUSTY
Command guild  : 1053295032762908782
Command guild  : Bottomless Hat - Halloween Update!
Command time   : <t:1698682945>
Command time   : <t:1698682945:R>
Test           : 
-------[New command use] -------

-------[New command use] -------
The command was launched !:
Command name   : servers
Command used   : <@877154902244216852>
Command used   : fockusty
Command used   : FOCKUSTY
Command guild  : 1053295032762908782
Command guild  : Bottomless Hat - Halloween Update!
Command time   : <t:1698683078>
Command time   : <t:1698683078:R>
Test           : 
-------[New command use] -------

-------[New command use] -------
The command was launched !:
Command name   : servers
Command used   : <@877154902244216852>
Command used   : fockusty
Command used   : FOCKUSTY
Command guild  : 1053295032762908782
Command guild  : Bottomless Hat - Halloween Update!
Command time   : <t:1698683116>
Command time   : <t:1698683116:R>
Test           : 
-------[New command use] -------

-------[New command use] -------
The command was launched !:
Command name   : servers
Command used   : <@877154902244216852>
Command used   : fockusty
Command used   : FOCKUSTY
Command guild  : 1053295032762908782
Command guild  : Bottomless Hat - Halloween Update!
Command time   : <t:1698683183>
Command time   : <t:1698683183:R>
Test           : 
-------[New command use] -------

-------[New command use] -------
The command was launched !:
Command name   : servers
Command used   : <@877154902244216852>
Command used   : fockusty
Command used   : FOCKUSTY
Command guild  : 1053295032762908782
Command guild  : Bottomless Hat - Halloween Update!
Command time   : <t:1698683456>
Command time   : <t:1698683456:R>
Test           : 
-------[New command use] -------

-------[New command use] -------
The command was launched !:
Command name   : servers
Command used   : <@877154902244216852>
Command used   : fockusty
Command used   : FOCKUSTY
Command guild  : 1053295032762908782
Command guild  : Bottomless Hat - Halloween Update!
Command time   : <t:1698683511>
Command time   : <t:1698683511:R>
Test           : 
-------[New command use] -------

-------[New command use] -------
The command was launched !:
Command name   : servers
Command used   : <@877154902244216852>
Command used   : fockusty
Command used   : FOCKUSTY
Command guild  : 1053295032762908782
Command guild  : Bottomless Hat - Halloween Update!
Command time   : <t:1698683544>
Command time   : <t:1698683544:R>
Test           : 
-------[New command use] -------

-------[New command use] -------
The command was launched !:
Command name   : servers
Command used   : <@877154902244216852>
Command used   : fockusty
Command used   : FOCKUSTY
Command guild  : 1053295032762908782
Command guild  : Bottomless Hat - Halloween Update!
Command time   : <t:1698684237>
Command time   : <t:1698684237:R>
Test           : 
-------[New command use] -------

-------[New command use] -------
The command was launched !:
Command name   : server
Command used   : <@877154902244216852>
Command used   : fockusty
Command used   : FOCKUSTY
Command guild  : 1121933517308301423
Command guild  : Hattest
Command time   : <t:1698685532>
Command time   : <t:1698685532:R>
Test           : 
-------[New command use] -------

-------[New command use] -------
The command was launched !:
Command name   : server
Command used   : <@877154902244216852>
Command used   : fockusty
Command used   : FOCKUSTY
Command guild  : 1121933517308301423
Command guild  : Hattest
Command time   : <t:1698685559>
Command time   : <t:1698685559:R>
Test           : 
-------[New command use] -------

-------[New command use] -------
The command was launched !:
Command name   : help
Command used   : <@877154902244216852>
Command used   : fockusty
Command used   : FOCKUSTY
Command guild  : 1121933517308301423
Command guild  : Hattest
Command time   : <t:1698686888>
Command time   : <t:1698686888:R>
Test           : 
-------[New command use] -------

-------[New command use] -------
The command was launched !:
Command name   : server
Command used   : <@877154902244216852>
Command used   : fockusty
Command used   : FOCKUSTY
Command guild  : 1121933517308301423
Command guild  : Hattest
Command time   : <t:1698686936>
Command time   : <t:1698686936:R>
Test           : 
-------[New command use] -------

-------[New command use] -------
The command was launched !:
Command name   : server
Command used   : <@877154902244216852>
Command used   : fockusty
Command used   : FOCKUSTY
Command guild  : 1121933517308301423
Command guild  : Hattest
Command time   : <t:1698686984>
Command time   : <t:1698686984:R>
Test           : 
-------[New command use] -------

-------[New command use] -------
The command was launched !:
Command name   : test
Command used   : <@877154902244216852>
Command used   : fockusty
Command used   : FOCKUSTY
Command guild  : 1121933517308301423
Command guild  : Hattest
Command time   : <t:1698686997>
Command time   : <t:1698686997:R>
Test           : 
-------[New command use] -------

-------[New command use] -------
The command was launched !:
Command name   : thevoid
Command used   : <@877154902244216852>
Command used   : fockusty
Command used   : FOCKUSTY
Command guild  : 1121933517308301423
Command guild  : Hattest
Command time   : <t:1698687002>
Command time   : <t:1698687002:R>
Test           : 
-------[New command use] -------

-------[New command use] -------
The command was launched !:
Command name   : random
Command used   : <@877154902244216852>
Command used   : fockusty
Command used   : FOCKUSTY
Command guild  : 1121933517308301423
Command guild  : Hattest
Command time   : <t:1698687332>
Command time   : <t:1698687332:R>
Test           : 
-------[New command use] -------

-------[New command use] -------
The command was launched !:
Command name   : random
Command used   : <@877154902244216852>
Command used   : fockusty
Command used   : FOCKUSTY
Command guild  : 1121933517308301423
Command guild  : Hattest
Command time   : <t:1698688452>
Command time   : <t:1698688452:R>
Test           : 
-------[New command use] -------

-------[New command use] -------
The command was launched !:
Command name   : random
Command used   : <@877154902244216852>
Command used   : fockusty
Command used   : FOCKUSTY
Command guild  : 1121933517308301423
Command guild  : Hattest
Command time   : <t:1698688472>
Command time   : <t:1698688472:R>
Test           : 
-------[New command use] -------

-------[New command use] -------
The command was launched !:
Command name   : random
Command used   : <@877154902244216852>
Command used   : fockusty
Command used   : FOCKUSTY
Command guild  : 1053295032762908782
Command guild  : Bottomless Hat - Halloween Update!
Command time   : <t:1698690439>
Command time   : <t:1698690439:R>
Test           : 
-------[New command use] -------

-------[New command use] -------
The command was launched !:
Command name   : user
Command used   : <@877154902244216852>
Command used   : fockusty
Command used   : FOCKUSTY
Command guild  : 1053295032762908782
Command guild  : Bottomless Hat - Halloween Update!
Command time   : <t:1698691625>
Command time   : <t:1698691625:R>
Test           : 
-------[New command use] -------

-------[New command use] -------
The command was launched !:
Command name   : channle
Command used   : <@877154902244216852>
Command used   : fockusty
Command used   : FOCKUSTY
Command guild  : 1053295032762908782
Command guild  : Bottomless Hat - Halloween Update!
Command time   : <t:1698691705>
Command time   : <t:1698691705:R>
Test           : 
-------[New command use] -------

-------[New command use] -------
The command was launched !:
Command name   : ping
Command used   : <@877154902244216852>
Command used   : fockusty
Command used   : FOCKUSTY
Command guild  : 1053295032762908782
Command guild  : Bottomless Hat - Halloween Update!
Command time   : <t:1698691717>
Command time   : <t:1698691717:R>
Test           : 
-------[New command use] -------

-------[New command use] -------
The command was launched !:
Command name   : test
Command used   : <@877154902244216852>
Command used   : fockusty
Command used   : FOCKUSTY
Command guild  : 1053295032762908782
Command guild  : Bottomless Hat - Halloween Update!
Command time   : <t:1698691796>
Command time   : <t:1698691796:R>
Test           : 
-------[New command use] -------

-------[New command use] -------
The command was launched !:
Command name   : ping
Command used   : <@877154902244216852>
Command used   : fockusty
Command used   : FOCKUSTY
Command guild  : 1053295032762908782
Command guild  : Bottomless Hat - Halloween Update!
Command time   : <t:1698691907>
Command time   : <t:1698691907:R>
Test           : 
-------[New command use] -------

-------[New command use] -------
The command was launched !:
Command name   : channle
Command used   : <@877154902244216852>
Command used   : fockusty
Command used   : FOCKUSTY
Command guild  : 1121933517308301423
Command guild  : Hattest
Command time   : <t:1698757360>
Command time   : <t:1698757360:R>
Test           : 
-------[New command use] -------

-------[New command use] -------
The command was launched !:
Command name   : channle
Command used   : <@877154902244216852>
Command used   : fockusty
Command used   : FOCKUSTY
Command guild  : 1121933517308301423
Command guild  : Hattest
Command time   : <t:1698759517>
Command time   : <t:1698759517:R>
Test           : 
-------[New command use] -------

-------[New command use] -------
The command was launched !:
Command name   : channle
Command used   : <@877154902244216852>
Command used   : fockusty
Command used   : FOCKUSTY
Command guild  : 1121933517308301423
Command guild  : Hattest
Command time   : <t:1698759554>
Command time   : <t:1698759554:R>
Test           : 
-------[New command use] -------

-------[New command use] -------
The command was launched !:
Command name   : ping
Command used   : <@877154902244216852>
Command used   : fockusty
Command used   : FOCKUSTY
Command guild  : 1053295032762908782
Command guild  : Bottomless Hat - Halloween Update!
Command time   : <t:1698769067>
Command time   : <t:1698769067:R>
Test           : 
-------[New command use] -------

-------[New command use] -------
The command was launched !:
Command name   : channle
Command used   : <@877154902244216852>
Command used   : fockusty
Command used   : FOCKUSTY
Command guild  : 1121933517308301423
Command guild  : Hattest
Command time   : <t:1698776284>
Command time   : <t:1698776284:R>
Test           : 
-------[New command use] -------

-------[New command use] -------
The command was launched !:
Command name   : channle
Command used   : <@877154902244216852>
Command used   : fockusty
Command used   : FOCKUSTY
Command guild  : 1121933517308301423
Command guild  : Hattest
Command time   : <t:1698776641>
Command time   : <t:1698776641:R>
Test           : 
-------[New command use] -------

-------[New command use] -------
The command was launched !:
Command name   : random
Command used   : <@877154902244216852>
Command used   : fockusty
Command used   : FOCKUSTY
Command guild  : 1121933517308301423
Command guild  : Hattest
Command time   : <t:1698777435>
Command time   : <t:1698777435:R>
Test           : 
-------[New command use] -------

-------[New command use] -------
The command was launched !:
Command name   : test
Command used   : <@877154902244216852>
Command used   : fockusty
Command used   : FOCKUSTY
Command guild  : 1121933517308301423
Command guild  : Hattest
Command time   : <t:1698777646>
Command time   : <t:1698777646:R>
Test           : 
-------[New command use] -------

-------[New command use] -------
The command was launched !:
Command name   : test
Command used   : <@877154902244216852>
Command used   : fockusty
Command used   : FOCKUSTY
Command guild  : 1121933517308301423
Command guild  : Hattest
Command time   : <t:1698777678>
Command time   : <t:1698777678:R>
Test           : 
-------[New command use] -------

-------[New command use] -------
The command was launched !:
Command name   : test
Command used   : <@877154902244216852>
Command used   : fockusty
Command used   : FOCKUSTY
Command guild  : 1121933517308301423
Command guild  : Hattest
Command time   : <t:1698777740>
Command time   : <t:1698777740:R>
Test           : 
-------[New command use] -------

-------[New command use] -------
The command was launched !:
Command name   : test
Command used   : <@877154902244216852>
Command used   : fockusty
Command used   : FOCKUSTY
Command guild  : 1121933517308301423
Command guild  : Hattest
Command time   : <t:1698777770>
Command time   : <t:1698777770:R>
Test           : 
-------[New command use] -------

-------[New command use] -------
The command was launched !:
Command name   : test
Command used   : <@877154902244216852>
Command used   : fockusty
Command used   : FOCKUSTY
Command guild  : 1121933517308301423
Command guild  : Hattest
Command time   : <t:1698777998>
Command time   : <t:1698777998:R>
Test           : 
-------[New command use] -------

-------[New command use] -------
The command was launched !:
Command name   : test
Command used   : <@877154902244216852>
Command used   : fockusty
Command used   : FOCKUSTY
Command guild  : 1121933517308301423
Command guild  : Hattest
Command time   : <t:1698778079>
Command time   : <t:1698778079:R>
Test           : 
-------[New command use] -------

-------[New command use] -------
The command was launched !:
Command name   : test
Command used   : <@877154902244216852>
Command used   : fockusty
Command used   : FOCKUSTY
Command guild  : 1121933517308301423
Command guild  : Hattest
Command time   : <t:1698778174>
Command time   : <t:1698778174:R>
Test           : 
-------[New command use] -------

-------[New command use] -------
The command was launched !:
Command name   : test
Command used   : <@877154902244216852>
Command used   : fockusty
Command used   : FOCKUSTY
Command guild  : 1121933517308301423
Command guild  : Hattest
Command time   : <t:1698778254>
Command time   : <t:1698778254:R>
Test           : 
-------[New command use] -------

-------[New command use] -------
The command was launched !:
Command name   : test
Command used   : <@877154902244216852>
Command used   : fockusty
Command used   : FOCKUSTY
Command guild  : 1121933517308301423
Command guild  : Hattest
Command time   : <t:1698778278>
Command time   : <t:1698778278:R>
Test           : 
-------[New command use] -------

-------[New command use] -------
The command was launched !:
Command name   : test
Command used   : <@877154902244216852>
Command used   : fockusty
Command used   : FOCKUSTY
Command guild  : 1121933517308301423
Command guild  : Hattest
Command time   : <t:1698778282>
Command time   : <t:1698778282:R>
Test           : 
-------[New command use] -------

-------[New command use] -------
The command was launched !:
Command name   : test
Command used   : <@877154902244216852>
Command used   : fockusty
Command used   : FOCKUSTY
Command guild  : 1121933517308301423
Command guild  : Hattest
Command time   : <t:1698778287>
Command time   : <t:1698778287:R>
Test           : 
-------[New command use] -------

-------[New command use] -------
The command was launched !:
Command name   : test
Command used   : <@877154902244216852>
Command used   : fockusty
Command used   : FOCKUSTY
Command guild  : 1121933517308301423
Command guild  : Hattest
Command time   : <t:1698778314>
Command time   : <t:1698778314:R>
Test           : 
-------[New command use] -------

-------[New command use] -------
The command was launched !:
Command name   : test
Command used   : <@877154902244216852>
Command used   : fockusty
Command used   : FOCKUSTY
Command guild  : 1121933517308301423
Command guild  : Hattest
Command time   : <t:1698778389>
Command time   : <t:1698778389:R>
Test           : 
-------[New command use] -------

-------[New command use] -------
The command was launched !:
Command name   : test
Command used   : <@877154902244216852>
Command used   : fockusty
Command used   : FOCKUSTY
Command guild  : 1121933517308301423
Command guild  : Hattest
Command time   : <t:1698778533>
Command time   : <t:1698778533:R>
Test           : 
-------[New command use] -------

-------[New command use] -------
The command was launched !:
Command name   : test
Command used   : <@877154902244216852>
Command used   : fockusty
Command used   : FOCKUSTY
Command guild  : 1121933517308301423
Command guild  : Hattest
Command time   : <t:1698778578>
Command time   : <t:1698778578:R>
Test           : 
-------[New command use] -------

-------[New command use] -------
The command was launched !:
Command name   : test
Command used   : <@877154902244216852>
Command used   : fockusty
Command used   : FOCKUSTY
Command guild  : 1121933517308301423
Command guild  : Hattest
Command time   : <t:1698778633>
Command time   : <t:1698778633:R>
Test           : 
-------[New command use] -------

-------[New command use] -------
The command was launched !:
Command name   : test
Command used   : <@877154902244216852>
Command used   : fockusty
Command used   : FOCKUSTY
Command guild  : 1121933517308301423
Command guild  : Hattest
Command time   : <t:1698778683>
Command time   : <t:1698778683:R>
Test           : 
-------[New command use] -------

-------[New command use] -------
The command was launched !:
Command name   : test
Command used   : <@877154902244216852>
Command used   : fockusty
Command used   : FOCKUSTY
Command guild  : 1121933517308301423
Command guild  : Hattest
Command time   : <t:1698778712>
Command time   : <t:1698778712:R>
Test           : 
-------[New command use] -------

-------[New command use] -------
The command was launched !:
Command name   : test
Command used   : <@877154902244216852>
Command used   : fockusty
Command used   : FOCKUSTY
Command guild  : 1121933517308301423
Command guild  : Hattest
Command time   : <t:1698778741>
Command time   : <t:1698778741:R>
Test           : 
-------[New command use] -------

-------[New command use] -------
The command was launched !:
Command name   : test
Command used   : <@877154902244216852>
Command used   : fockusty
Command used   : FOCKUSTY
Command guild  : 1121933517308301423
Command guild  : Hattest
Command time   : <t:1698778746>
Command time   : <t:1698778746:R>
Test           : 
-------[New command use] -------

-------[New command use] -------
The command was launched !:
Command name   : test
Command used   : <@877154902244216852>
Command used   : fockusty
Command used   : FOCKUSTY
Command guild  : 1121933517308301423
Command guild  : Hattest
Command time   : <t:1698778783>
Command time   : <t:1698778783:R>
Test           : 
-------[New command use] -------

-------[New command use] -------
The command was launched !:
Command name   : test
Command used   : <@877154902244216852>
Command used   : fockusty
Command used   : FOCKUSTY
Command guild  : 1121933517308301423
Command guild  : Hattest
Command time   : <t:1698778822>
Command time   : <t:1698778822:R>
Test           : 
-------[New command use] -------

-------[New command use] -------
The command was launched !:
Command name   : test
Command used   : <@877154902244216852>
Command used   : fockusty
Command used   : FOCKUSTY
Command guild  : 1121933517308301423
Command guild  : Hattest
Command time   : <t:1698778875>
Command time   : <t:1698778875:R>
Test           : 
-------[New command use] -------

-------[New command use] -------
The command was launched !:
Command name   : say
Command used   : <@877154902244216852>
Command used   : fockusty
Command used   : FOCKUSTY
Command guild  : 1121933517308301423
Command guild  : Hattest
Command time   : <t:1698840668>
Command time   : <t:1698840668:R>
Test           : 
-------[New command use] -------
